<?xml version="1.0" encoding="UTF-8"?>
<!-- Generated by org.testng.reporters.JUnitReportReporter -->
<testsuite hostname="LAPTOP-K87PH0RM" failures="0" tests="3" name="SelenuimFramework1.framework1Design.tests.SubmitOrderTest" time="62.700" errors="0" timestamp="2025-01-24T02:31:05 IST" skipped="0">
  <testcase classname="SelenuimFramework1.framework1Design.tests.SubmitOrderTest" name="OrderHistoryTest" time="14.425"/>
  <system-out/>
  <testcase classname="SelenuimFramework1.framework1Design.tests.SubmitOrderTest" name="submitOrder" time="25.796"/>
  <system-out/>
  <testcase classname="SelenuimFramework1.framework1Design.tests.SubmitOrderTest" name="submitOrder" time="22.479"/>
  <system-out/>
</testsuite> <!-- SelenuimFramework1.framework1Design.tests.SubmitOrderTest -->
