<?xml version="1.0" encoding="UTF-8"?>
<!-- Generated by org.testng.reporters.JUnitReportReporter -->
<testsuite hostname="LAPTOP-K87PH0RM" failures="0" tests="1" name="SelenuimFramework1.framework1Design.tests.ErrorValidations" time="9.630" errors="0" timestamp="2025-01-02T02:02:31 IST" skipped="0">
  <testcase classname="SelenuimFramework1.framework1Design.tests.ErrorValidations" name="submitOrder" time="9.630"/>
  <system-out/>
</testsuite> <!-- SelenuimFramework1.framework1Design.tests.ErrorValidations -->
