<?xml version="1.0" encoding="UTF-8"?>
<!-- Generated by org.testng.reporters.JUnitReportReporter -->
<testsuite hostname="LAPTOP-K87PH0RM" failures="0" tests="1" name="cucumber.TestNGTestRunner" time="26.816" errors="0" timestamp="2025-01-20T22:50:41 IST" skipped="0">
  <testcase classname="cucumber.TestNGTestRunner" name="runScenario" time="26.816"/>
  <system-out/>
</testsuite> <!-- cucumber.TestNGTestRunner -->
