<?xml version="1.0" encoding="UTF-8"?>
<!-- Generated by org.testng.reporters.JUnitReportReporter -->
<testsuite hostname="LAPTOP-K87PH0RM" failures="0" tests="2" name="SelenuimFramework1.framework1Design.tests.ErrorValidationsTest" time="26.185" errors="0" timestamp="2025-01-24T02:31:05 IST" skipped="0">
  <testcase classname="SelenuimFramework1.framework1Design.tests.ErrorValidationsTest" name="LoginErrorValidation" time="8.749"/>
  <system-out/>
  <testcase classname="SelenuimFramework1.framework1Design.tests.ErrorValidationsTest" name="ProductErrorValidation" time="17.436"/>
  <system-out/>
</testsuite> <!-- SelenuimFramework1.framework1Design.tests.ErrorValidationsTest -->
