<?xml version="1.0" encoding="UTF-8"?>
<!-- Generated by org.testng.reporters.JUnitReportReporter -->
<testsuite hostname="LAPTOP-K87PH0RM" failures="0" tests="1" name="SelenuimFramework1.framework1Design.SubmitOrderTest" time="19.080" errors="0" timestamp="2025-01-02T01:30:34 IST" skipped="0">
  <testcase classname="SelenuimFramework1.framework1Design.SubmitOrderTest" name="submitOrder" time="19.080"/>
  <system-out/>
</testsuite> <!-- SelenuimFramework1.framework1Design.SubmitOrderTest -->
