<?xml version="1.0" encoding="UTF-8"?>
<!-- Generated by org.testng.reporters.JUnitReportReporter -->
<testsuite hostname="LAPTOP-K87PH0RM" failures="0" tests="3" name="SelenuimFramework1.framework1Design.tests.SubmitOrderTest" time="54.101" errors="0" timestamp="2025-01-24T18:52:29 IST" skipped="0">
  <testcase classname="SelenuimFramework1.framework1Design.tests.SubmitOrderTest" name="OrderHistoryTest" time="24.654"/>
  <testcase classname="SelenuimFramework1.framework1Design.tests.SubmitOrderTest" name="submitOrder" time="14.970"/>
  <testcase classname="SelenuimFramework1.framework1Design.tests.SubmitOrderTest" name="submitOrder" time="14.477"/>
</testsuite> <!-- SelenuimFramework1.framework1Design.tests.SubmitOrderTest -->
