<?xml version="1.0" encoding="UTF-8"?>
<!-- Generated by org.testng.reporters.JUnitReportReporter -->
<testsuite hostname="LAPTOP-K87PH0RM" failures="0" tests="2" name="SelenuimFramework1.framework1Design.tests.ErrorValidationsTest" time="20.247" errors="0" timestamp="2025-01-24T18:52:29 IST" skipped="0">
  <testcase classname="SelenuimFramework1.framework1Design.tests.ErrorValidationsTest" name="LoginErrorValidation" time="7.987"/>
  <testcase classname="SelenuimFramework1.framework1Design.tests.ErrorValidationsTest" name="ProductErrorValidation" time="12.260"/>
</testsuite> <!-- SelenuimFramework1.framework1Design.tests.ErrorValidationsTest -->
