<?xml version="1.0" encoding="UTF-8"?>
<!-- Generated by org.testng.reporters.JUnitReportReporter -->
<testsuite hostname="LAPTOP-K87PH0RM" failures="0" tests="1" name="cucumber.TestNGTestRunner" time="28.003" errors="0" timestamp="2025-01-20T23:09:41 IST" skipped="0">
  <testcase classname="cucumber.TestNGTestRunner" name="runScenario" time="28.003"/>
</testsuite> <!-- cucumber.TestNGTestRunner -->
